<?xml version="1.0" encoding="UTF-8"?>
<!-- Generated by org.testng.reporters.JUnitXMLReporter -->
<testsuite ignored="0" hostname="DESKTOP-JKK8O37" failures="1" tests="8" name="Testing_BDD_Using_Cucumber" time="156.315" errors="0" timestamp="2021-04-27T17:02:59 CEST">
  <testcase classname="io.cucumber.testng.AbstractTestNGCucumberTests" name="runScenario" time="27.924"/>
  <testcase classname="io.cucumber.testng.AbstractTestNGCucumberTests" name="runScenario" time="25.923">
    <failure type="java.lang.IllegalArgumentException" message="Element must be set">
      <![CDATA[java.lang.IllegalArgumentException: Element must be set
at org.openqa.selenium.internal.Require.nonNull(Require.java:56)
at org.openqa.selenium.interactions.PointerInput$Origin.fromElement(PointerInput.java:219)
at org.openqa.selenium.interactions.Actions.moveInTicks(Actions.java:391)
at org.openqa.selenium.interactions.Actions.click(Actions.java:298)
at pageObject.BasePage.clickOnElement(BasePage.java:25)
at pageObject.SearchResult.acceptCountryCookies(SearchResult.java:63)
at cucumber.SearchStepsTest.goToTheFirstProductFromWatchesResultPage(SearchStepsTest.java:76)
at ✽.The user go to the first product from watches result page(file:///C:/Users/Mati/Desktop/GitLab/Raghaav/TestAutomationPracticeCucumber/src/test/java/cucumber/FavouritesFunction.feature:22)
]]>
    </failure>
  </testcase> <!-- runScenario -->
  <testcase classname="io.cucumber.testng.AbstractTestNGCucumberTests" name="runScenario" time="13.047"/>
  <testcase classname="io.cucumber.testng.AbstractTestNGCucumberTests" name="runScenario" time="13.076"/>
  <testcase classname="io.cucumber.testng.AbstractTestNGCucumberTests" name="runScenario" time="15.49"/>
  <testcase classname="io.cucumber.testng.AbstractTestNGCucumberTests" name="runScenario" time="17.237"/>
  <testcase classname="io.cucumber.testng.AbstractTestNGCucumberTests" name="runScenario" time="18.646"/>
  <testcase classname="io.cucumber.testng.AbstractTestNGCucumberTests" name="runScenario" time="23.9"/>
</testsuite> <!-- Testing_BDD_Using_Cucumber -->
