-------------------------------------------------------------------------------
Test set: TestSuite
-------------------------------------------------------------------------------
Tests run: 8, Failures: 1, Errors: 0, Skipped: 0, Time elapsed: 158.933 s <<< FAILURE! - in TestSuite
cucumber.CucumberRunner.runScenario["Validate delete product from saved", "Optional[Save the product]"](2)  Time elapsed: 25.922 s  <<< FAILURE!
java.lang.IllegalArgumentException: Element must be set

