<?xml version="1.0" encoding="UTF-8"?>
<testng-results ignored="0" total="8" passed="7" failed="1" skipped="0">
  <reporter-output>
  </reporter-output>
  <suite started-at="2021-04-27T17:00:23 CEST" name="asos.com_BDD_Testing" finished-at="2021-04-27T17:02:59 CEST" duration-ms="156315">
    <groups>
      <group name="cucumber">
        <method signature="AbstractTestNGCucumberTests.runScenario(io.cucumber.testng.PickleWrapper, io.cucumber.testng.FeatureWrapper)[pri:0, instance:cucumber.CucumberRunner@41477a6d]" name="runScenario" class="io.cucumber.testng.AbstractTestNGCucumberTests"/>
      </group> <!-- cucumber -->
    </groups>
    <test started-at="2021-04-27T17:00:23 CEST" name="Testing_BDD_Using_Cucumber" finished-at="2021-04-27T17:02:59 CEST" duration-ms="156315">
      <class name="cucumber.CucumberRunner">
        <test-method is-config="true" signature="setUpClass()[pri:0, instance:cucumber.CucumberRunner@41477a6d]" started-at="2021-04-27T17:00:23 CEST" name="setUpClass" finished-at="2021-04-27T17:00:24 CEST" duration-ms="915" status="PASS">
          <reporter-output>
          </reporter-output>
        </test-method> <!-- setUpClass -->
        <test-method signature="runScenario(io.cucumber.testng.PickleWrapper, io.cucumber.testng.FeatureWrapper)[pri:0, instance:cucumber.CucumberRunner@41477a6d]" started-at="2021-04-27T17:00:24 CEST" name="runScenario" description="Runs Cucumber Scenarios" data-provider="scenarios" finished-at="2021-04-27T17:00:52 CEST" duration-ms="27924" status="PASS">
          <params>
            <param index="0">
              <value>
                <![CDATA["Validate save searched product"]]>
              </value>
            </param>
            <param index="1">
              <value>
                <![CDATA["Optional[Save the product]"]]>
              </value>
            </param>
          </params>
          <reporter-output>
          </reporter-output>
        </test-method> <!-- runScenario -->
        <test-method signature="runScenario(io.cucumber.testng.PickleWrapper, io.cucumber.testng.FeatureWrapper)[pri:0, instance:cucumber.CucumberRunner@41477a6d]" started-at="2021-04-27T17:00:52 CEST" name="runScenario" description="Runs Cucumber Scenarios" data-provider="scenarios" finished-at="2021-04-27T17:01:17 CEST" duration-ms="25923" status="FAIL">
          <params>
            <param index="0">
              <value>
                <![CDATA["Validate delete product from saved"]]>
              </value>
            </param>
            <param index="1">
              <value>
                <![CDATA["Optional[Save the product]"]]>
              </value>
            </param>
          </params>
          <exception class="java.lang.IllegalArgumentException">
            <message>
              <![CDATA[Element must be set]]>
            </message>
            <full-stacktrace>
              <![CDATA[java.lang.IllegalArgumentException: Element must be set
at org.openqa.selenium.internal.Require.nonNull(Require.java:56)
at org.openqa.selenium.interactions.PointerInput$Origin.fromElement(PointerInput.java:219)
at org.openqa.selenium.interactions.Actions.moveInTicks(Actions.java:391)
at org.openqa.selenium.interactions.Actions.click(Actions.java:298)
at pageObject.BasePage.clickOnElement(BasePage.java:25)
at pageObject.SearchResult.acceptCountryCookies(SearchResult.java:63)
at cucumber.SearchStepsTest.goToTheFirstProductFromWatchesResultPage(SearchStepsTest.java:76)
at ✽.The user go to the first product from watches result page(file:///C:/Users/Mati/Desktop/GitLab/Raghaav/TestAutomationPracticeCucumber/src/test/java/cucumber/FavouritesFunction.feature:22)
]]>
            </full-stacktrace>
          </exception> <!-- java.lang.IllegalArgumentException -->
          <reporter-output>
          </reporter-output>
        </test-method> <!-- runScenario -->
        <test-method signature="runScenario(io.cucumber.testng.PickleWrapper, io.cucumber.testng.FeatureWrapper)[pri:0, instance:cucumber.CucumberRunner@41477a6d]" started-at="2021-04-27T17:01:17 CEST" name="runScenario" description="Runs Cucumber Scenarios" data-provider="scenarios" finished-at="2021-04-27T17:01:31 CEST" duration-ms="13047" status="PASS">
          <params>
            <param index="0">
              <value>
                <![CDATA["Validate searching the product"]]>
              </value>
            </param>
            <param index="1">
              <value>
                <![CDATA["Optional[Search for product]"]]>
              </value>
            </param>
          </params>
          <reporter-output>
          </reporter-output>
        </test-method> <!-- runScenario -->
        <test-method signature="runScenario(io.cucumber.testng.PickleWrapper, io.cucumber.testng.FeatureWrapper)[pri:0, instance:cucumber.CucumberRunner@41477a6d]" started-at="2021-04-27T17:01:31 CEST" name="runScenario" description="Runs Cucumber Scenarios" data-provider="scenarios" finished-at="2021-04-27T17:01:44 CEST" duration-ms="13076" status="PASS">
          <params>
            <param index="0">
              <value>
                <![CDATA["Validate searching special sign"]]>
              </value>
            </param>
            <param index="1">
              <value>
                <![CDATA["Optional[Search for product]"]]>
              </value>
            </param>
          </params>
          <reporter-output>
          </reporter-output>
        </test-method> <!-- runScenario -->
        <test-method signature="runScenario(io.cucumber.testng.PickleWrapper, io.cucumber.testng.FeatureWrapper)[pri:0, instance:cucumber.CucumberRunner@41477a6d]" started-at="2021-04-27T17:01:44 CEST" name="runScenario" description="Runs Cucumber Scenarios" data-provider="scenarios" finished-at="2021-04-27T17:01:59 CEST" duration-ms="15490" status="PASS">
          <params>
            <param index="0">
              <value>
                <![CDATA["Validate searching the product using category pages"]]>
              </value>
            </param>
            <param index="1">
              <value>
                <![CDATA["Optional[Search for product]"]]>
              </value>
            </param>
          </params>
          <reporter-output>
          </reporter-output>
        </test-method> <!-- runScenario -->
        <test-method signature="runScenario(io.cucumber.testng.PickleWrapper, io.cucumber.testng.FeatureWrapper)[pri:0, instance:cucumber.CucumberRunner@41477a6d]" started-at="2021-04-27T17:01:59 CEST" name="runScenario" description="Runs Cucumber Scenarios" data-provider="scenarios" finished-at="2021-04-27T17:02:16 CEST" duration-ms="17237" status="PASS">
          <params>
            <param index="0">
              <value>
                <![CDATA["Try to sign in with empty form"]]>
              </value>
            </param>
            <param index="1">
              <value>
                <![CDATA["Optional[Sign In to User's account]"]]>
              </value>
            </param>
          </params>
          <reporter-output>
          </reporter-output>
        </test-method> <!-- runScenario -->
        <test-method signature="runScenario(io.cucumber.testng.PickleWrapper, io.cucumber.testng.FeatureWrapper)[pri:0, instance:cucumber.CucumberRunner@41477a6d]" started-at="2021-04-27T17:02:16 CEST" name="runScenario" description="Runs Cucumber Scenarios" data-provider="scenarios" finished-at="2021-04-27T17:02:35 CEST" duration-ms="18646" status="PASS">
          <params>
            <param index="0">
              <value>
                <![CDATA["Validate go to the empty cart from main page"]]>
              </value>
            </param>
            <param index="1">
              <value>
                <![CDATA["Optional[Cart status]"]]>
              </value>
            </param>
          </params>
          <reporter-output>
          </reporter-output>
        </test-method> <!-- runScenario -->
        <test-method signature="runScenario(io.cucumber.testng.PickleWrapper, io.cucumber.testng.FeatureWrapper)[pri:0, instance:cucumber.CucumberRunner@41477a6d]" started-at="2021-04-27T17:02:35 CEST" name="runScenario" description="Runs Cucumber Scenarios" data-provider="scenarios" finished-at="2021-04-27T17:02:59 CEST" duration-ms="23900" status="PASS">
          <params>
            <param index="0">
              <value>
                <![CDATA["Validate cart status when product added to cart"]]>
              </value>
            </param>
            <param index="1">
              <value>
                <![CDATA["Optional[Cart status]"]]>
              </value>
            </param>
          </params>
          <reporter-output>
          </reporter-output>
        </test-method> <!-- runScenario -->
        <test-method is-config="true" signature="tearDownClass()[pri:0, instance:cucumber.CucumberRunner@41477a6d]" started-at="2021-04-27T17:02:59 CEST" name="tearDownClass" finished-at="2021-04-27T17:02:59 CEST" duration-ms="31" status="PASS">
          <reporter-output>
          </reporter-output>
        </test-method> <!-- tearDownClass -->
      </class> <!-- cucumber.CucumberRunner -->
    </test> <!-- Testing_BDD_Using_Cucumber -->
  </suite> <!-- asos.com_BDD_Testing -->
</testng-results>
